This file contains any messages produced by compilers while
running configure, to aid debugging if configure makes a mistake.

It was created by LibOpenCIF configure 1.0, which was
generated by GNU Autoconf 2.69.  Invocation command line was

  $ ./configure 

## --------- ##
## Platform. ##
## --------- ##

hostname = EquipoChakra
uname -m = x86_64
uname -r = 3.12.6-1-CHAKRA
uname -s = Linux
uname -v = #1 SMP PREEMPT Sat Feb 1 00:04:58 UTC 2014

/usr/bin/uname -p = unknown
/bin/uname -X     = unknown

/bin/arch              = unknown
/usr/bin/arch -k       = unknown
/usr/convex/getsysinfo = unknown
/usr/bin/hostinfo      = unknown
/bin/machine           = unknown
/usr/bin/oslevel       = unknown
/bin/universe          = unknown

PATH: /usr/local/bin
PATH: /usr/bin
PATH: /bin
PATH: /usr/local/sbin
PATH: /usr/sbin
PATH: /sbin
PATH: /usr/bin/core_perl


## ----------- ##
## Core tests. ##
## ----------- ##

configure:2288: checking for a BSD-compatible install
configure:2356: result: /usr/bin/install -c
configure:2367: checking whether build environment is sane
configure:2417: result: yes
configure:2558: checking for a thread-safe mkdir -p
configure:2597: result: /usr/bin/mkdir -p
configure:2610: checking for gawk
configure:2626: found /usr/bin/gawk
configure:2637: result: gawk
configure:2648: checking whether make sets $(MAKE)
configure:2670: result: yes
configure:2780: checking build system type
configure:2794: result: x86_64-unknown-linux-gnu
configure:2814: checking host system type
configure:2827: result: x86_64-unknown-linux-gnu
configure:2868: checking how to print strings
configure:2895: result: printf
configure:2928: checking for style of include used by make
configure:2956: result: GNU
configure:3027: checking for gcc
configure:3043: found /usr/bin/gcc
configure:3054: result: gcc
configure:3283: checking for C compiler version
configure:3292: gcc --version >&5
gcc (GCC) 4.8.1 20130725 (prerelease)
Copyright (C) 2013 Free Software Foundation, Inc.
This is free software; see the source for copying conditions.  There is NO
warranty; not even for MERCHANTABILITY or FITNESS FOR A PARTICULAR PURPOSE.

configure:3303: $? = 0
configure:3292: gcc -v >&5
Using built-in specs.
COLLECT_GCC=gcc
COLLECT_LTO_WRAPPER=/usr/lib/gcc/x86_64-unknown-linux-gnu/4.8.1/lto-wrapper
Target: x86_64-unknown-linux-gnu
Configured with: /chakra/core-testing/gcc/src//gcc-4.8-20130725/configure --prefix=/usr --libdir=/usr/lib --libexecdir=/usr/lib --mandir=/usr/share/man --infodir=/usr/share/info --enable-languages=c,c++,ada,fortran,go,lto,objc,obj-c++ --enable-shared --enable-threads=posix --with-system-zlib --enable-__cxa_atexit --disable-libunwind-exceptions --enable-clocale=gnu --disable-libstdcxx-pch --enable-gnu-unique-object --enable-linker-build-id --enable-cloog-backend=isl --disable-cloog-version-check --enable-lto --enable-gold --enable-ld=default --enable-plugin --with-plugin-ld=ld.gold --with-linker-hash-style=gnu --disable-install-libiberty --disable-multilib --disable-libssp --disable-werror --enable-checking=release
Thread model: posix
gcc version 4.8.1 20130725 (prerelease) (GCC) 
configure:3303: $? = 0
configure:3292: gcc -V >&5
gcc: error: unrecognized command line option '-V'
gcc: fatal error: no input files
compilation terminated.
configure:3303: $? = 1
configure:3292: gcc -qversion >&5
gcc: error: unrecognized command line option '-qversion'
gcc: fatal error: no input files
compilation terminated.
configure:3303: $? = 1
configure:3323: checking whether the C compiler works
configure:3345: gcc    conftest.c  >&5
configure:3349: $? = 0
configure:3397: result: yes
configure:3400: checking for C compiler default output file name
configure:3402: result: a.out
configure:3408: checking for suffix of executables
configure:3415: gcc -o conftest    conftest.c  >&5
configure:3419: $? = 0
configure:3441: result: 
configure:3463: checking whether we are cross compiling
configure:3471: gcc -o conftest    conftest.c  >&5
configure:3475: $? = 0
configure:3482: ./conftest
configure:3486: $? = 0
configure:3501: result: no
configure:3506: checking for suffix of object files
configure:3528: gcc -c   conftest.c >&5
configure:3532: $? = 0
configure:3553: result: o
configure:3557: checking whether we are using the GNU C compiler
configure:3576: gcc -c   conftest.c >&5
configure:3576: $? = 0
configure:3585: result: yes
configure:3594: checking whether gcc accepts -g
configure:3614: gcc -c -g  conftest.c >&5
configure:3614: $? = 0
configure:3655: result: yes
configure:3672: checking for gcc option to accept ISO C89
configure:3735: gcc  -c -g -O2  conftest.c >&5
configure:3735: $? = 0
configure:3748: result: none needed
configure:3770: checking dependency style of gcc
configure:3881: result: gcc3
configure:3896: checking for a sed that does not truncate output
configure:3960: result: /bin/sed
configure:3978: checking for grep that handles long lines and -e
configure:4036: result: /usr/bin/grep
configure:4041: checking for egrep
configure:4103: result: /usr/bin/grep -E
configure:4108: checking for fgrep
configure:4170: result: /usr/bin/grep -F
configure:4205: checking for ld used by gcc
configure:4272: result: /usr/bin/ld
configure:4279: checking if the linker (/usr/bin/ld) is GNU ld
configure:4294: result: yes
configure:4306: checking for BSD- or MS-compatible name lister (nm)
configure:4355: result: /usr/bin/nm -B
configure:4485: checking the name lister (/usr/bin/nm -B) interface
configure:4492: gcc -c -g -O2  conftest.c >&5
configure:4495: /usr/bin/nm -B "conftest.o"
configure:4498: output
0000000000000000 B some_variable
configure:4505: result: BSD nm
configure:4508: checking whether ln -s works
configure:4512: result: yes
configure:4520: checking the maximum length of command line arguments
configure:4650: result: 1572864
configure:4667: checking whether the shell understands some XSI constructs
configure:4677: result: yes
configure:4681: checking whether the shell understands "+="
configure:4687: result: yes
configure:4722: checking how to convert x86_64-unknown-linux-gnu file names to x86_64-unknown-linux-gnu format
configure:4762: result: func_convert_file_noop
configure:4769: checking how to convert x86_64-unknown-linux-gnu file names to toolchain format
configure:4789: result: func_convert_file_noop
configure:4796: checking for /usr/bin/ld option to reload object files
configure:4803: result: -r
configure:4877: checking for objdump
configure:4893: found /usr/bin/objdump
configure:4904: result: objdump
configure:4936: checking how to recognize dependent libraries
configure:5138: result: pass_all
configure:5223: checking for dlltool
configure:5253: result: no
configure:5283: checking how to associate runtime and link libraries
configure:5310: result: printf %s\n
configure:5371: checking for ar
configure:5387: found /usr/bin/ar
configure:5398: result: ar
configure:5435: checking for archiver @FILE support
configure:5452: gcc -c -g -O2  conftest.c >&5
configure:5452: $? = 0
configure:5455: ar cru libconftest.a @conftest.lst >&5
configure:5458: $? = 0
configure:5463: ar cru libconftest.a @conftest.lst >&5
ar: conftest.o: No such file or directory
configure:5466: $? = 1
configure:5478: result: @
configure:5536: checking for strip
configure:5552: found /usr/bin/strip
configure:5563: result: strip
configure:5635: checking for ranlib
configure:5651: found /usr/bin/ranlib
configure:5662: result: ranlib
configure:5764: checking command to parse /usr/bin/nm -B output from gcc object
configure:5884: gcc -c -g -O2  conftest.c >&5
configure:5887: $? = 0
configure:5891: /usr/bin/nm -B conftest.o \| sed -n -e 's/^.*[ ]\([ABCDGIRSTW][ABCDGIRSTW]*\)[ ][ ]*\([_A-Za-z][_A-Za-z0-9]*\)$/\1 \2 \2/p' | sed '/ __gnu_lto/d' \> conftest.nm
configure:5894: $? = 0
configure:5960: gcc -o conftest -g -O2   conftest.c conftstm.o >&5
configure:5963: $? = 0
configure:6001: result: ok
configure:6038: checking for sysroot
configure:6068: result: no
configure:6145: gcc -c -g -O2  conftest.c >&5
configure:6148: $? = 0
configure:6324: checking for mt
configure:6354: result: no
configure:6374: checking if : is a manifest tool
configure:6380: : '-?'
configure:6388: result: no
configure:7030: checking how to run the C preprocessor
configure:7061: gcc -E  conftest.c
configure:7061: $? = 0
configure:7075: gcc -E  conftest.c
conftest.c:11:28: fatal error: ac_nonexistent.h: No such file or directory
 #include <ac_nonexistent.h>
                            ^
compilation terminated.
configure:7075: $? = 1
configure: failed program was:
| /* confdefs.h */
| #define PACKAGE_NAME "LibOpenCIF"
| #define PACKAGE_TARNAME "libopencif"
| #define PACKAGE_VERSION "1.0"
| #define PACKAGE_STRING "LibOpenCIF 1.0"
| #define PACKAGE_BUGREPORT "moises.chavez.martinez@gmail.com"
| #define PACKAGE_URL ""
| #define PACKAGE "libopencif"
| #define VERSION "1.0"
| /* end confdefs.h.  */
| #include <ac_nonexistent.h>
configure:7100: result: gcc -E
configure:7120: gcc -E  conftest.c
configure:7120: $? = 0
configure:7134: gcc -E  conftest.c
conftest.c:11:28: fatal error: ac_nonexistent.h: No such file or directory
 #include <ac_nonexistent.h>
                            ^
compilation terminated.
configure:7134: $? = 1
configure: failed program was:
| /* confdefs.h */
| #define PACKAGE_NAME "LibOpenCIF"
| #define PACKAGE_TARNAME "libopencif"
| #define PACKAGE_VERSION "1.0"
| #define PACKAGE_STRING "LibOpenCIF 1.0"
| #define PACKAGE_BUGREPORT "moises.chavez.martinez@gmail.com"
| #define PACKAGE_URL ""
| #define PACKAGE "libopencif"
| #define VERSION "1.0"
| /* end confdefs.h.  */
| #include <ac_nonexistent.h>
configure:7163: checking for ANSI C header files
configure:7183: gcc -c -g -O2  conftest.c >&5
configure:7183: $? = 0
configure:7256: gcc -o conftest -g -O2   conftest.c  >&5
configure:7256: $? = 0
configure:7256: ./conftest
configure:7256: $? = 0
configure:7267: result: yes
configure:7280: checking for sys/types.h
configure:7280: gcc -c -g -O2  conftest.c >&5
configure:7280: $? = 0
configure:7280: result: yes
configure:7280: checking for sys/stat.h
configure:7280: gcc -c -g -O2  conftest.c >&5
configure:7280: $? = 0
configure:7280: result: yes
configure:7280: checking for stdlib.h
configure:7280: gcc -c -g -O2  conftest.c >&5
configure:7280: $? = 0
configure:7280: result: yes
configure:7280: checking for string.h
configure:7280: gcc -c -g -O2  conftest.c >&5
configure:7280: $? = 0
configure:7280: result: yes
configure:7280: checking for memory.h
configure:7280: gcc -c -g -O2  conftest.c >&5
configure:7280: $? = 0
configure:7280: result: yes
configure:7280: checking for strings.h
configure:7280: gcc -c -g -O2  conftest.c >&5
configure:7280: $? = 0
configure:7280: result: yes
configure:7280: checking for inttypes.h
configure:7280: gcc -c -g -O2  conftest.c >&5
configure:7280: $? = 0
configure:7280: result: yes
configure:7280: checking for stdint.h
configure:7280: gcc -c -g -O2  conftest.c >&5
configure:7280: $? = 0
configure:7280: result: yes
configure:7280: checking for unistd.h
configure:7280: gcc -c -g -O2  conftest.c >&5
configure:7280: $? = 0
configure:7280: result: yes
configure:7294: checking for dlfcn.h
configure:7294: gcc -c -g -O2  conftest.c >&5
configure:7294: $? = 0
configure:7294: result: yes
configure:7500: checking for objdir
configure:7515: result: .libs
configure:7782: checking if gcc supports -fno-rtti -fno-exceptions
configure:7800: gcc -c -g -O2  -fno-rtti -fno-exceptions conftest.c >&5
cc1: warning: command line option '-fno-rtti' is valid for C++/ObjC++ but not for C [enabled by default]
configure:7804: $? = 0
configure:7817: result: no
configure:8144: checking for gcc option to produce PIC
configure:8151: result: -fPIC -DPIC
configure:8159: checking if gcc PIC flag -fPIC -DPIC works
configure:8177: gcc -c -g -O2  -fPIC -DPIC -DPIC conftest.c >&5
configure:8181: $? = 0
configure:8194: result: yes
configure:8223: checking if gcc static flag -static works
configure:8251: result: yes
configure:8266: checking if gcc supports -c -o file.o
configure:8287: gcc -c -g -O2  -o out/conftest2.o conftest.c >&5
configure:8291: $? = 0
configure:8313: result: yes
configure:8321: checking if gcc supports -c -o file.o
configure:8368: result: yes
configure:8401: checking whether the gcc linker (/usr/bin/ld -m elf_x86_64) supports shared libraries
configure:9554: result: yes
configure:9591: checking whether -lc should be explicitly linked in
configure:9599: gcc -c -g -O2  conftest.c >&5
configure:9602: $? = 0
configure:9617: gcc -shared  -fPIC -DPIC conftest.o  -v -Wl,-soname -Wl,conftest -o conftest 2\>\&1 \| /usr/bin/grep  -lc  \>/dev/null 2\>\&1
configure:9620: $? = 0
configure:9634: result: no
configure:9794: checking dynamic linker characteristics
configure:10305: gcc -o conftest -g -O2   -Wl,-rpath -Wl,/foo conftest.c  >&5
configure:10305: $? = 0
configure:10527: result: GNU/Linux ld.so
configure:10634: checking how to hardcode library paths into programs
configure:10659: result: immediate
configure:11199: checking whether stripping libraries is possible
configure:11204: result: yes
configure:11239: checking if libtool supports shared libraries
configure:11241: result: yes
configure:11244: checking whether to build shared libraries
configure:11265: result: yes
configure:11268: checking whether to build static libraries
configure:11272: result: yes
configure:11369: checking for g++
configure:11385: found /usr/bin/g++
configure:11396: result: g++
configure:11423: checking for C++ compiler version
configure:11432: g++ --version >&5
g++ (GCC) 4.8.1 20130725 (prerelease)
Copyright (C) 2013 Free Software Foundation, Inc.
This is free software; see the source for copying conditions.  There is NO
warranty; not even for MERCHANTABILITY or FITNESS FOR A PARTICULAR PURPOSE.

configure:11443: $? = 0
configure:11432: g++ -v >&5
Using built-in specs.
COLLECT_GCC=g++
COLLECT_LTO_WRAPPER=/usr/lib/gcc/x86_64-unknown-linux-gnu/4.8.1/lto-wrapper
Target: x86_64-unknown-linux-gnu
Configured with: /chakra/core-testing/gcc/src//gcc-4.8-20130725/configure --prefix=/usr --libdir=/usr/lib --libexecdir=/usr/lib --mandir=/usr/share/man --infodir=/usr/share/info --enable-languages=c,c++,ada,fortran,go,lto,objc,obj-c++ --enable-shared --enable-threads=posix --with-system-zlib --enable-__cxa_atexit --disable-libunwind-exceptions --enable-clocale=gnu --disable-libstdcxx-pch --enable-gnu-unique-object --enable-linker-build-id --enable-cloog-backend=isl --disable-cloog-version-check --enable-lto --enable-gold --enable-ld=default --enable-plugin --with-plugin-ld=ld.gold --with-linker-hash-style=gnu --disable-install-libiberty --disable-multilib --disable-libssp --disable-werror --enable-checking=release
Thread model: posix
gcc version 4.8.1 20130725 (prerelease) (GCC) 
configure:11443: $? = 0
configure:11432: g++ -V >&5
g++: error: unrecognized command line option '-V'
g++: fatal error: no input files
compilation terminated.
configure:11443: $? = 1
configure:11432: g++ -qversion >&5
g++: error: unrecognized command line option '-qversion'
g++: fatal error: no input files
compilation terminated.
configure:11443: $? = 1
configure:11447: checking whether we are using the GNU C++ compiler
configure:11466: g++ -c   conftest.cpp >&5
configure:11466: $? = 0
configure:11475: result: yes
configure:11484: checking whether g++ accepts -g
configure:11504: g++ -c -g  conftest.cpp >&5
configure:11504: $? = 0
configure:11545: result: yes
configure:11570: checking dependency style of g++
configure:11681: result: gcc3
configure:11714: checking how to run the C++ preprocessor
configure:11741: g++ -E  conftest.cpp
configure:11741: $? = 0
configure:11755: g++ -E  conftest.cpp
conftest.cpp:23:28: fatal error: ac_nonexistent.h: No such file or directory
 #include <ac_nonexistent.h>
                            ^
compilation terminated.
configure:11755: $? = 1
configure: failed program was:
| /* confdefs.h */
| #define PACKAGE_NAME "LibOpenCIF"
| #define PACKAGE_TARNAME "libopencif"
| #define PACKAGE_VERSION "1.0"
| #define PACKAGE_STRING "LibOpenCIF 1.0"
| #define PACKAGE_BUGREPORT "moises.chavez.martinez@gmail.com"
| #define PACKAGE_URL ""
| #define PACKAGE "libopencif"
| #define VERSION "1.0"
| #define STDC_HEADERS 1
| #define HAVE_SYS_TYPES_H 1
| #define HAVE_SYS_STAT_H 1
| #define HAVE_STDLIB_H 1
| #define HAVE_STRING_H 1
| #define HAVE_MEMORY_H 1
| #define HAVE_STRINGS_H 1
| #define HAVE_INTTYPES_H 1
| #define HAVE_STDINT_H 1
| #define HAVE_UNISTD_H 1
| #define HAVE_DLFCN_H 1
| #define LT_OBJDIR ".libs/"
| /* end confdefs.h.  */
| #include <ac_nonexistent.h>
configure:11780: result: g++ -E
configure:11800: g++ -E  conftest.cpp
configure:11800: $? = 0
configure:11814: g++ -E  conftest.cpp
conftest.cpp:23:28: fatal error: ac_nonexistent.h: No such file or directory
 #include <ac_nonexistent.h>
                            ^
compilation terminated.
configure:11814: $? = 1
configure: failed program was:
| /* confdefs.h */
| #define PACKAGE_NAME "LibOpenCIF"
| #define PACKAGE_TARNAME "libopencif"
| #define PACKAGE_VERSION "1.0"
| #define PACKAGE_STRING "LibOpenCIF 1.0"
| #define PACKAGE_BUGREPORT "moises.chavez.martinez@gmail.com"
| #define PACKAGE_URL ""
| #define PACKAGE "libopencif"
| #define VERSION "1.0"
| #define STDC_HEADERS 1
| #define HAVE_SYS_TYPES_H 1
| #define HAVE_SYS_STAT_H 1
| #define HAVE_STDLIB_H 1
| #define HAVE_STRING_H 1
| #define HAVE_MEMORY_H 1
| #define HAVE_STRINGS_H 1
| #define HAVE_INTTYPES_H 1
| #define HAVE_STDINT_H 1
| #define HAVE_UNISTD_H 1
| #define HAVE_DLFCN_H 1
| #define LT_OBJDIR ".libs/"
| /* end confdefs.h.  */
| #include <ac_nonexistent.h>
configure:11983: checking for ld used by g++
configure:12050: result: /usr/bin/ld -m elf_x86_64
configure:12057: checking if the linker (/usr/bin/ld -m elf_x86_64) is GNU ld
configure:12072: result: yes
configure:12127: checking whether the g++ linker (/usr/bin/ld -m elf_x86_64) supports shared libraries
configure:13132: result: yes
configure:13168: g++ -c -g -O2  conftest.cpp >&5
configure:13171: $? = 0
configure:13691: checking for g++ option to produce PIC
configure:13698: result: -fPIC -DPIC
configure:13706: checking if g++ PIC flag -fPIC -DPIC works
configure:13724: g++ -c -g -O2  -fPIC -DPIC -DPIC conftest.cpp >&5
configure:13728: $? = 0
configure:13741: result: yes
configure:13764: checking if g++ static flag -static works
configure:13792: result: yes
configure:13804: checking if g++ supports -c -o file.o
configure:13825: g++ -c -g -O2  -o out/conftest2.o conftest.cpp >&5
configure:13829: $? = 0
configure:13851: result: yes
configure:13856: checking if g++ supports -c -o file.o
configure:13903: result: yes
configure:13933: checking whether the g++ linker (/usr/bin/ld -m elf_x86_64) supports shared libraries
configure:13969: result: yes
configure:14110: checking dynamic linker characteristics
configure:14777: result: GNU/Linux ld.so
configure:14830: checking how to hardcode library paths into programs
configure:14855: result: immediate
configure:14943: checking for gcc
configure:14970: result: gcc
configure:15199: checking for C compiler version
configure:15208: gcc --version >&5
gcc (GCC) 4.8.1 20130725 (prerelease)
Copyright (C) 2013 Free Software Foundation, Inc.
This is free software; see the source for copying conditions.  There is NO
warranty; not even for MERCHANTABILITY or FITNESS FOR A PARTICULAR PURPOSE.

configure:15219: $? = 0
configure:15208: gcc -v >&5
Using built-in specs.
COLLECT_GCC=gcc
COLLECT_LTO_WRAPPER=/usr/lib/gcc/x86_64-unknown-linux-gnu/4.8.1/lto-wrapper
Target: x86_64-unknown-linux-gnu
Configured with: /chakra/core-testing/gcc/src//gcc-4.8-20130725/configure --prefix=/usr --libdir=/usr/lib --libexecdir=/usr/lib --mandir=/usr/share/man --infodir=/usr/share/info --enable-languages=c,c++,ada,fortran,go,lto,objc,obj-c++ --enable-shared --enable-threads=posix --with-system-zlib --enable-__cxa_atexit --disable-libunwind-exceptions --enable-clocale=gnu --disable-libstdcxx-pch --enable-gnu-unique-object --enable-linker-build-id --enable-cloog-backend=isl --disable-cloog-version-check --enable-lto --enable-gold --enable-ld=default --enable-plugin --with-plugin-ld=ld.gold --with-linker-hash-style=gnu --disable-install-libiberty --disable-multilib --disable-libssp --disable-werror --enable-checking=release
Thread model: posix
gcc version 4.8.1 20130725 (prerelease) (GCC) 
configure:15219: $? = 0
configure:15208: gcc -V >&5
gcc: error: unrecognized command line option '-V'
gcc: fatal error: no input files
compilation terminated.
configure:15219: $? = 1
configure:15208: gcc -qversion >&5
gcc: error: unrecognized command line option '-qversion'
gcc: fatal error: no input files
compilation terminated.
configure:15219: $? = 1
configure:15223: checking whether we are using the GNU C compiler
configure:15251: result: yes
configure:15260: checking whether gcc accepts -g
configure:15321: result: yes
configure:15338: checking for gcc option to accept ISO C89
configure:15414: result: none needed
configure:15436: checking dependency style of gcc
configure:15547: result: gcc3
configure:15711: creating ./config.status

## ---------------------- ##
## Running config.status. ##
## ---------------------- ##

This file was extended by LibOpenCIF config.status 1.0, which was
generated by GNU Autoconf 2.69.  Invocation command line was

  CONFIG_FILES    = 
  CONFIG_HEADERS  = 
  CONFIG_LINKS    = 
  CONFIG_COMMANDS = 
  $ ./config.status 

on EquipoChakra

config.status:1139: creating Makefile
config.status:1139: creating config.h
config.status:1368: executing depfiles commands
config.status:1368: executing libtool commands

## ---------------- ##
## Cache variables. ##
## ---------------- ##

ac_cv_build=x86_64-unknown-linux-gnu
ac_cv_c_compiler_gnu=yes
ac_cv_cxx_compiler_gnu=yes
ac_cv_env_CCC_set=
ac_cv_env_CCC_value=
ac_cv_env_CC_set=
ac_cv_env_CC_value=
ac_cv_env_CFLAGS_set=
ac_cv_env_CFLAGS_value=
ac_cv_env_CPPFLAGS_set=
ac_cv_env_CPPFLAGS_value=
ac_cv_env_CPP_set=
ac_cv_env_CPP_value=
ac_cv_env_CXXCPP_set=
ac_cv_env_CXXCPP_value=
ac_cv_env_CXXFLAGS_set=
ac_cv_env_CXXFLAGS_value=
ac_cv_env_CXX_set=
ac_cv_env_CXX_value=
ac_cv_env_LDFLAGS_set=
ac_cv_env_LDFLAGS_value=
ac_cv_env_LIBS_set=
ac_cv_env_LIBS_value=
ac_cv_env_build_alias_set=
ac_cv_env_build_alias_value=
ac_cv_env_host_alias_set=
ac_cv_env_host_alias_value=
ac_cv_env_target_alias_set=
ac_cv_env_target_alias_value=
ac_cv_header_dlfcn_h=yes
ac_cv_header_inttypes_h=yes
ac_cv_header_memory_h=yes
ac_cv_header_stdc=yes
ac_cv_header_stdint_h=yes
ac_cv_header_stdlib_h=yes
ac_cv_header_string_h=yes
ac_cv_header_strings_h=yes
ac_cv_header_sys_stat_h=yes
ac_cv_header_sys_types_h=yes
ac_cv_header_unistd_h=yes
ac_cv_host=x86_64-unknown-linux-gnu
ac_cv_objext=o
ac_cv_path_EGREP='/usr/bin/grep -E'
ac_cv_path_FGREP='/usr/bin/grep -F'
ac_cv_path_GREP=/usr/bin/grep
ac_cv_path_SED=/bin/sed
ac_cv_path_install='/usr/bin/install -c'
ac_cv_path_mkdir=/usr/bin/mkdir
ac_cv_prog_AWK=gawk
ac_cv_prog_CPP='gcc -E'
ac_cv_prog_CXXCPP='g++ -E'
ac_cv_prog_ac_ct_AR=ar
ac_cv_prog_ac_ct_CC=gcc
ac_cv_prog_ac_ct_CXX=g++
ac_cv_prog_ac_ct_OBJDUMP=objdump
ac_cv_prog_ac_ct_RANLIB=ranlib
ac_cv_prog_ac_ct_STRIP=strip
ac_cv_prog_cc_c89=
ac_cv_prog_cc_g=yes
ac_cv_prog_cxx_g=yes
ac_cv_prog_make_make_set=yes
am_cv_CC_dependencies_compiler_type=gcc3
am_cv_CXX_dependencies_compiler_type=gcc3
lt_cv_ar_at_file=@
lt_cv_archive_cmds_need_lc=no
lt_cv_deplibs_check_method=pass_all
lt_cv_file_magic_cmd='$MAGIC_CMD'
lt_cv_file_magic_test_file=
lt_cv_ld_reload_flag=-r
lt_cv_nm_interface='BSD nm'
lt_cv_objdir=.libs
lt_cv_path_LD=/usr/bin/ld
lt_cv_path_LDCXX='/usr/bin/ld -m elf_x86_64'
lt_cv_path_NM='/usr/bin/nm -B'
lt_cv_path_mainfest_tool=no
lt_cv_prog_compiler_c_o=yes
lt_cv_prog_compiler_c_o_CXX=yes
lt_cv_prog_compiler_pic='-fPIC -DPIC'
lt_cv_prog_compiler_pic_CXX='-fPIC -DPIC'
lt_cv_prog_compiler_pic_works=yes
lt_cv_prog_compiler_pic_works_CXX=yes
lt_cv_prog_compiler_rtti_exceptions=no
lt_cv_prog_compiler_static_works=yes
lt_cv_prog_compiler_static_works_CXX=yes
lt_cv_prog_gnu_ld=yes
lt_cv_prog_gnu_ldcxx=yes
lt_cv_sharedlib_from_linklib_cmd='printf %s\n'
lt_cv_shlibpath_overrides_runpath=no
lt_cv_sys_global_symbol_pipe='sed -n -e '\''s/^.*[	 ]\([ABCDGIRSTW][ABCDGIRSTW]*\)[	 ][	 ]*\([_A-Za-z][_A-Za-z0-9]*\)$/\1 \2 \2/p'\'' | sed '\''/ __gnu_lto/d'\'''
lt_cv_sys_global_symbol_to_c_name_address='sed -n -e '\''s/^: \([^ ]*\)[ ]*$/  {\"\1\", (void *) 0},/p'\'' -e '\''s/^[ABCDGIRSTW]* \([^ ]*\) \([^ ]*\)$/  {"\2", (void *) \&\2},/p'\'''
lt_cv_sys_global_symbol_to_c_name_address_lib_prefix='sed -n -e '\''s/^: \([^ ]*\)[ ]*$/  {\"\1\", (void *) 0},/p'\'' -e '\''s/^[ABCDGIRSTW]* \([^ ]*\) \(lib[^ ]*\)$/  {"\2", (void *) \&\2},/p'\'' -e '\''s/^[ABCDGIRSTW]* \([^ ]*\) \([^ ]*\)$/  {"lib\2", (void *) \&\2},/p'\'''
lt_cv_sys_global_symbol_to_cdecl='sed -n -e '\''s/^T .* \(.*\)$/extern int \1();/p'\'' -e '\''s/^[ABCDGIRSTW]* .* \(.*\)$/extern char \1;/p'\'''
lt_cv_sys_max_cmd_len=1572864
lt_cv_to_host_file_cmd=func_convert_file_noop
lt_cv_to_tool_file_cmd=func_convert_file_noop

## ----------------- ##
## Output variables. ##
## ----------------- ##

ACLOCAL='${SHELL} /mnt/Cosas/Proyectos/Varios/LibOpenCIF/libopencif-1.0/missing --run aclocal-1.11'
AMDEPBACKSLASH='\'
AMDEP_FALSE='#'
AMDEP_TRUE=''
AMTAR='$${TAR-tar}'
AR='ar'
AUTOCONF='${SHELL} /mnt/Cosas/Proyectos/Varios/LibOpenCIF/libopencif-1.0/missing --run autoconf'
AUTOHEADER='${SHELL} /mnt/Cosas/Proyectos/Varios/LibOpenCIF/libopencif-1.0/missing --run autoheader'
AUTOMAKE='${SHELL} /mnt/Cosas/Proyectos/Varios/LibOpenCIF/libopencif-1.0/missing --run automake-1.11'
AWK='gawk'
CC='gcc'
CCDEPMODE='depmode=gcc3'
CFLAGS='-g -O2'
CPP='gcc -E'
CPPFLAGS=''
CXX='g++'
CXXCPP='g++ -E'
CXXDEPMODE='depmode=gcc3'
CXXFLAGS='-g -O2'
CYGPATH_W='echo'
DEFS='-DHAVE_CONFIG_H'
DEPDIR='.deps'
DLLTOOL='false'
DSYMUTIL=''
DUMPBIN=''
ECHO_C=''
ECHO_N='-n'
ECHO_T=''
EGREP='/usr/bin/grep -E'
EXEEXT=''
FGREP='/usr/bin/grep -F'
GREP='/usr/bin/grep'
INSTALL_DATA='${INSTALL} -m 644'
INSTALL_PROGRAM='${INSTALL}'
INSTALL_SCRIPT='${INSTALL}'
INSTALL_STRIP_PROGRAM='$(install_sh) -c -s'
LD='/usr/bin/ld -m elf_x86_64'
LDFLAGS=''
LIBOBJS=''
LIBS=''
LIBTOOL='$(SHELL) $(top_builddir)/libtool'
LIPO=''
LN_S='ln -s'
LTLIBOBJS=''
MAKEINFO='${SHELL} /mnt/Cosas/Proyectos/Varios/LibOpenCIF/libopencif-1.0/missing --run makeinfo'
MANIFEST_TOOL=':'
MKDIR_P='/usr/bin/mkdir -p'
NM='/usr/bin/nm -B'
NMEDIT=''
OBJDUMP='objdump'
OBJEXT='o'
OTOOL64=''
OTOOL=''
PACKAGE='libopencif'
PACKAGE_BUGREPORT='moises.chavez.martinez@gmail.com'
PACKAGE_NAME='LibOpenCIF'
PACKAGE_STRING='LibOpenCIF 1.0'
PACKAGE_TARNAME='libopencif'
PACKAGE_URL=''
PACKAGE_VERSION='1.0'
PATH_SEPARATOR=':'
RANLIB='ranlib'
SED='/bin/sed'
SET_MAKE=''
SHELL='/bin/sh'
STRIP='strip'
VERSION='1.0'
ac_ct_AR='ar'
ac_ct_CC='gcc'
ac_ct_CXX='g++'
ac_ct_DUMPBIN=''
am__EXEEXT_FALSE=''
am__EXEEXT_TRUE='#'
am__fastdepCC_FALSE='#'
am__fastdepCC_TRUE=''
am__fastdepCXX_FALSE='#'
am__fastdepCXX_TRUE=''
am__include='include'
am__isrc=''
am__leading_dot='.'
am__nodep='_no'
am__quote=''
am__tar='$${TAR-tar} chof - "$$tardir"'
am__untar='$${TAR-tar} xf -'
bindir='${exec_prefix}/bin'
build='x86_64-unknown-linux-gnu'
build_alias=''
build_cpu='x86_64'
build_os='linux-gnu'
build_vendor='unknown'
datadir='${datarootdir}'
datarootdir='${prefix}/share'
docdir='${datarootdir}/doc/${PACKAGE_TARNAME}'
dvidir='${docdir}'
exec_prefix='${prefix}'
host='x86_64-unknown-linux-gnu'
host_alias=''
host_cpu='x86_64'
host_os='linux-gnu'
host_vendor='unknown'
htmldir='${docdir}'
includedir='${prefix}/include'
infodir='${datarootdir}/info'
install_sh='${SHELL} /mnt/Cosas/Proyectos/Varios/LibOpenCIF/libopencif-1.0/install-sh'
libdir='${exec_prefix}/lib'
libexecdir='${exec_prefix}/libexec'
localedir='${datarootdir}/locale'
localstatedir='${prefix}/var'
mandir='${datarootdir}/man'
mkdir_p='/usr/bin/mkdir -p'
oldincludedir='/usr/include'
pdfdir='${docdir}'
prefix='/usr/local'
program_transform_name='s,x,x,'
psdir='${docdir}'
sbindir='${exec_prefix}/sbin'
sharedstatedir='${prefix}/com'
sysconfdir='${prefix}/etc'
target_alias=''

## ----------- ##
## confdefs.h. ##
## ----------- ##

/* confdefs.h */
#define PACKAGE_NAME "LibOpenCIF"
#define PACKAGE_TARNAME "libopencif"
#define PACKAGE_VERSION "1.0"
#define PACKAGE_STRING "LibOpenCIF 1.0"
#define PACKAGE_BUGREPORT "moises.chavez.martinez@gmail.com"
#define PACKAGE_URL ""
#define PACKAGE "libopencif"
#define VERSION "1.0"
#define STDC_HEADERS 1
#define HAVE_SYS_TYPES_H 1
#define HAVE_SYS_STAT_H 1
#define HAVE_STDLIB_H 1
#define HAVE_STRING_H 1
#define HAVE_MEMORY_H 1
#define HAVE_STRINGS_H 1
#define HAVE_INTTYPES_H 1
#define HAVE_STDINT_H 1
#define HAVE_UNISTD_H 1
#define HAVE_DLFCN_H 1
#define LT_OBJDIR ".libs/"

configure: exit 0
